<?xml version="1.0" encoding="UTF-8"?>
<!-- Generated by org.testng.reporters.JUnitReportReporter -->
<testsuite skipped="0" hostname="MLT390" name="pages.ExcelRead" tests="1" failures="0" timestamp="30 Apr 2018 04:57:42 GMT" time="1.320" errors="0">
  <testcase name="ReadExcel" time="1.320" classname="pages.ExcelRead"/>
</testsuite> <!-- pages.ExcelRead -->
