<?xml version="1.0" encoding="UTF-8"?>
<!-- Generated by org.testng.reporters.JUnitReportReporter -->
<testsuite skipped="0" hostname="MLT390" name="tests.SandCQtest" tests="1" failures="0" timestamp="31 May 2018 08:39:27 GMT" time="188.646" errors="0">
  <testcase name="qtest" time="188.646" classname="tests.SandCQtest"/>
</testsuite> <!-- tests.SandCQtest -->
